#
# There is insufficient memory for the Java Runtime Environment to continue.
# Native memory allocation (mmap) failed to map 532676608 bytes. Error detail: G1 virtual space
# Possible reasons:
#   The system is out of physical RAM or swap space
#   This process is running with CompressedOops enabled, and the Java Heap may be blocking the growth of the native heap
# Possible solutions:
#   Reduce memory load on the system
#   Increase physical memory or swap space
#   Check if swap backing store is full
#   Decrease Java heap size (-Xmx/-Xms)
#   Decrease number of Java threads
#   Decrease Java thread stack sizes (-Xss)
#   Set larger code cache with -XX:ReservedCodeCacheSize=
#   JVM is running with Zero Based Compressed Oops mode in which the Java heap is
#     placed in the first 32GB address space. The Java Heap base address is the
#     maximum limit for the native heap growth. Please use -XX:HeapBaseMinAddress
#     to set the Java Heap base and to place the Java Heap above 32GB virtual address.
# This output file may be truncated or incomplete.
#
#  Out of Memory Error (os_windows.cpp:3825), pid=26688, tid=23400
#
# JRE version:  (17.0.11) (build )
# Java VM: OpenJDK 64-Bit Server VM (17.0.11+0--11852314, mixed mode, sharing, tiered, compressed oops, compressed class ptrs, g1 gc, windows-amd64)
# No core dump will be written. Minidumps are not enabled by default on client versions of Windows
#

---------------  S U M M A R Y ------------

Command Line: com.google.prefab.cli.AppKt --build-system cmake --platform android --abi x86_64 --os-version 21 --stl c++_static --ndk-version 25 --output C:\\Users\\EDY\\AppData\\Local\\Temp\\agp-prefab-staging4456845509838870359\\staged-cli-output C:\\Users\\EDY\\.gradle\\caches\\8.10\\transforms\\cc18a8beef2d8f85d2058ecc528c1dbe\\transformed\\lsplant-standalone-6.0\\prefab

Host: 12th Gen Intel(R) Core(TM) i7-1260P, 16 cores, 31G,  Windows 11 , 64 bit Build 22621 (10.0.22621.317)
Time: Wed Nov  6 14:35:33 2024  Windows 11 , 64 bit Build 22621 (10.0.22621.317) elapsed time: 0.006791 seconds (0d 0h 0m 0s)

---------------  T H R E A D  ---------------

Current thread (0x00000233e9f72eb0):  JavaThread "Unknown thread" [_thread_in_vm, id=23400, stack(0x0000008d82a00000,0x0000008d82b00000)]

Stack: [0x0000008d82a00000,0x0000008d82b00000]
Native frames: (J=compiled Java code, j=interpreted, Vv=VM code, C=native code)
V  [jvm.dll+0x687bb9]
V  [jvm.dll+0x84142a]
V  [jvm.dll+0x8430ae]
V  [jvm.dll+0x843713]
V  [jvm.dll+0x24a35f]
V  [jvm.dll+0x684989]
V  [jvm.dll+0x67923a]
V  [jvm.dll+0x30af0b]
V  [jvm.dll+0x3123b6]
V  [jvm.dll+0x361dfe]
V  [jvm.dll+0x36202f]
V  [jvm.dll+0x2e0d38]
V  [jvm.dll+0x2e1ca4]
V  [jvm.dll+0x811f21]
V  [jvm.dll+0x36fb68]
V  [jvm.dll+0x7f0896]
V  [jvm.dll+0x3f3d2f]
V  [jvm.dll+0x3f58e1]
C  [jli.dll+0x528f]
C  [ucrtbase.dll+0x29363]
C  [KERNEL32.DLL+0x1244d]
C  [ntdll.dll+0x5df78]


---------------  P R O C E S S  ---------------

Threads class SMR info:
_java_thread_list=0x00007ff869e3efd8, length=0, elements={
}

Java Threads: ( => current thread )

Other Threads:
  0x00000233ea01f490 GCTaskThread "GC Thread#0" [stack: 0x0000008d82b00000,0x0000008d82c00000] [id=33828]
  0x00000233ffca3ff0 ConcurrentGCThread "G1 Main Marker" [stack: 0x0000008d82c00000,0x0000008d82d00000] [id=25720]
  0x00000233ffca4920 ConcurrentGCThread "G1 Conc#0" [stack: 0x0000008d82d00000,0x0000008d82e00000] [id=968]

[error occurred during error reporting (printing all threads), id 0xc0000005, EXCEPTION_ACCESS_VIOLATION (0xc0000005) at pc=0x00007ff8695f1907]

VM state: not at safepoint (not fully initialized)

VM Mutex/Monitor currently owned by a thread:  ([mutex/lock_event])
[0x00000233e9f6df30] Heap_lock - owner thread: 0x00000233e9f72eb0

Heap address: 0x0000000604c00000, size: 8116 MB, Compressed Oops mode: Zero based, Oop shift amount: 3

CDS archive(s) mapped at: [0x0000000000000000-0x0000000000000000-0x0000000000000000), size 0, SharedBaseAddress: 0x0000000800000000, ArchiveRelocationMode: 1.
Narrow klass base: 0x0000000000000000, Narrow klass shift: 0, Narrow klass range: 0x0

GC Precious Log:
<Empty>

Heap:
 garbage-first heap   total 0K, used 0K [0x0000000604c00000, 0x0000000800000000)
  region size 4096K, 0 young (0K), 0 survivors (0K)
 Metaspace       used 0K, committed 0K, reserved 0K
  class space    used 0K, committed 0K, reserved 0K

Heap Regions: E=young(eden), S=young(survivor), O=old, HS=humongous(starts), HC=humongous(continues), CS=collection set, F=free, OA=open archive, CA=closed archive, TAMS=top-at-mark-start (previous, next)

Card table byte_map: [0x0000023380000000,0x0000023380fe0000] _byte_map_base: 0x000002337cfda000

Marking Bits (Prev, Next): (CMBitMap*) 0x00000233ea01f9c0, (CMBitMap*) 0x00000233ea01fa00
 Prev Bits: [0x0000023381fc0000, 0x0000023389e90000)
 Next Bits: [0x0000023389e90000, 0x0000023391d60000)

GC Heap History (0 events):
No events

Dll operation events (1 events):
Event: 0.004 Loaded shared library D:\android_studio\jbr\bin\java.dll

Deoptimization events (0 events):
No events

Classes unloaded (0 events):
No events

Classes redefined (0 events):
No events

Internal exceptions (0 events):
No events

VM Operations (0 events):
No events

Events (0 events):
No events


Dynamic libraries:
0x00007ff7cceb0000 - 0x00007ff7cceba000 	D:\android_studio\jbr\bin\java.exe
0x00007ff91e0f0000 - 0x00007ff91e304000 	C:\Windows\SYSTEM32\ntdll.dll
0x00007ff91da40000 - 0x00007ff91db02000 	C:\Windows\System32\KERNEL32.DLL
0x00007ff91b710000 - 0x00007ff91baac000 	C:\Windows\System32\KERNELBASE.dll
0x00007ff91bcc0000 - 0x00007ff91bdd1000 	C:\Windows\System32\ucrtbase.dll
0x00007ff909b80000 - 0x00007ff909b97000 	D:\android_studio\jbr\bin\jli.dll
0x00007ff904ce0000 - 0x00007ff904cfb000 	D:\android_studio\jbr\bin\VCRUNTIME140.dll
0x00007ff91dd50000 - 0x00007ff91defb000 	C:\Windows\System32\USER32.dll
0x00007ff91bab0000 - 0x00007ff91bad6000 	C:\Windows\System32\win32u.dll
0x00007ff91e080000 - 0x00007ff91e0a9000 	C:\Windows\System32\GDI32.dll
0x00007ff8f5220000 - 0x00007ff8f54ae000 	C:\Windows\WinSxS\amd64_microsoft.windows.common-controls_6595b64144ccf1df_6.0.22621.317_none_a9434687c10c9fa2\COMCTL32.dll
0x00007ff91bba0000 - 0x00007ff91bcb2000 	C:\Windows\System32\gdi32full.dll
0x00007ff91bde0000 - 0x00007ff91be7a000 	C:\Windows\System32\msvcp_win.dll
0x00007ff91c8b0000 - 0x00007ff91c957000 	C:\Windows\System32\msvcrt.dll
0x00007ff91ceb0000 - 0x00007ff91cee1000 	C:\Windows\System32\IMM32.DLL
0x00007ff918270000 - 0x00007ff91827c000 	D:\android_studio\jbr\bin\vcruntime140_1.dll
0x00007ff8e13a0000 - 0x00007ff8e142d000 	D:\android_studio\jbr\bin\msvcp140.dll
0x00007ff869300000 - 0x00007ff869f83000 	D:\android_studio\jbr\bin\server\jvm.dll
0x00007ff91c800000 - 0x00007ff91c8ae000 	C:\Windows\System32\ADVAPI32.dll
0x00007ff91dca0000 - 0x00007ff91dd44000 	C:\Windows\System32\sechost.dll
0x00007ff91bf00000 - 0x00007ff91c015000 	C:\Windows\System32\RPCRT4.dll
0x00007ff91b400000 - 0x00007ff91b44d000 	C:\Windows\SYSTEM32\POWRPROF.dll
0x00007ff911500000 - 0x00007ff911509000 	C:\Windows\SYSTEM32\WSOCK32.dll
0x00007ff910760000 - 0x00007ff910794000 	C:\Windows\SYSTEM32\WINMM.dll
0x00007ff91e000000 - 0x00007ff91e071000 	C:\Windows\System32\WS2_32.dll
0x00007ff90d3e0000 - 0x00007ff90d3ea000 	C:\Windows\SYSTEM32\VERSION.dll
0x00007ff91b3e0000 - 0x00007ff91b3f3000 	C:\Windows\SYSTEM32\UMPDC.dll
0x00007ff91a680000 - 0x00007ff91a698000 	C:\Windows\SYSTEM32\kernel.appcore.dll
0x00007ff911050000 - 0x00007ff91105a000 	D:\android_studio\jbr\bin\jimage.dll
0x00007ff918c10000 - 0x00007ff918e3e000 	C:\Windows\SYSTEM32\DBGHELP.DLL
0x00007ff91c960000 - 0x00007ff91cce9000 	C:\Windows\System32\combase.dll
0x00007ff91d5d0000 - 0x00007ff91d6a7000 	C:\Windows\System32\OLEAUT32.dll
0x00007ff90bfe0000 - 0x00007ff90c012000 	C:\Windows\SYSTEM32\dbgcore.DLL
0x00007ff91be80000 - 0x00007ff91befb000 	C:\Windows\System32\bcryptPrimitives.dll
0x00007ff9107e0000 - 0x00007ff910805000 	D:\android_studio\jbr\bin\java.dll

dbghelp: loaded successfully - version: 4.0.5 - missing functions: none
symbol engine: initialized successfully - sym options: 0x614 - pdb path: .;D:\android_studio\jbr\bin;C:\Windows\SYSTEM32;C:\Windows\WinSxS\amd64_microsoft.windows.common-controls_6595b64144ccf1df_6.0.22621.317_none_a9434687c10c9fa2;D:\android_studio\jbr\bin\server

VM Arguments:
java_command: com.google.prefab.cli.AppKt --build-system cmake --platform android --abi x86_64 --os-version 21 --stl c++_static --ndk-version 25 --output C:\\Users\\EDY\\AppData\\Local\\Temp\\agp-prefab-staging4456845509838870359\\staged-cli-output C:\\Users\\EDY\\.gradle\\caches\\8.10\\transforms\\cc18a8beef2d8f85d2058ecc528c1dbe\\transformed\\lsplant-standalone-6.0\\prefab
java_class_path (initial): C:\\Users\\EDY\\.gradle\\caches\\modules-2\\files-2.1\\com.google.prefab\\cli\\2.0.0\\f2702b5ca13df54e3ca92f29d6b403fb6285d8df\\cli-2.0.0-all.jar
Launcher Type: SUN_STANDARD

[Global flags]
     intx CICompilerCount                          = 12                                        {product} {ergonomic}
     uint ConcGCThreads                            = 3                                         {product} {ergonomic}
     uint G1ConcRefinementThreads                  = 13                                        {product} {ergonomic}
   size_t G1HeapRegionSize                         = 4194304                                   {product} {ergonomic}
    uintx GCDrainStackTargetSize                   = 64                                        {product} {ergonomic}
   size_t InitialHeapSize                          = 532676608                                 {product} {ergonomic}
   size_t MarkStackSize                            = 4194304                                   {product} {ergonomic}
   size_t MaxHeapSize                              = 8510242816                                {product} {ergonomic}
   size_t MinHeapDeltaBytes                        = 4194304                                   {product} {ergonomic}
   size_t MinHeapSize                              = 8388608                                   {product} {ergonomic}
    uintx NonNMethodCodeHeapSize                   = 7602480                                {pd product} {ergonomic}
    uintx NonProfiledCodeHeapSize                  = 122027880                              {pd product} {ergonomic}
    uintx ProfiledCodeHeapSize                     = 122027880                              {pd product} {ergonomic}
    uintx ReservedCodeCacheSize                    = 251658240                              {pd product} {ergonomic}
     bool SegmentedCodeCache                       = true                                      {product} {ergonomic}
   size_t SoftMaxHeapSize                          = 8510242816                             {manageable} {ergonomic}
     bool UseCompressedClassPointers               = true                           {product lp64_product} {ergonomic}
     bool UseCompressedOops                        = true                           {product lp64_product} {ergonomic}
     bool UseG1GC                                  = true                                      {product} {ergonomic}
     bool UseLargePagesIndividualAllocation        = false                                  {pd product} {ergonomic}

Logging:
Log output configuration:
 #0: stdout all=warning uptime,level,tags
 #1: stderr all=off uptime,level,tags

Environment Variables:
PATH=C:\Windows\system32;C:\Windows;C:\Windows\System32\Wbem;C:\Windows\System32\WindowsPowerShell\v1.0\;C:\Windows\System32\OpenSSH\;D:\Git\cmd;C:\Users\EDY\AppData\Local\Programs\Python\Launcher\;C:\Users\EDY\AppData\Local\Microsoft\WindowsApps;D:\platform-tools-latest-windows\platform-tools;D:\Microsoft VS Code\bin;D:\Nmap;C:\Users\EDY\AppData\Local\Programs\Python\Python313;C:\Users\EDY\AppData\Local\Programs\Python\Python313\Scripts;
USERNAME=EDY
OS=Windows_NT
PROCESSOR_IDENTIFIER=Intel64 Family 6 Model 154 Stepping 3, GenuineIntel
TMP=C:\Users\EDY\AppData\Local\Temp
TEMP=C:\Users\EDY\AppData\Local\Temp



Periodic native trim disabled

JNI global refs:
JNI global refs: 0, weak refs: 0

JNI global refs memory usage: 0, weak refs: 0

Process memory usage:
Resident Set Size: 11868K (0% of 33229880K total physical memory with 15522148K free physical memory)

OOME stack traces (most recent first):
Classloader memory used:


---------------  S Y S T E M  ---------------

OS:
 Windows 11 , 64 bit Build 22621 (10.0.22621.317)
OS uptime: 21 days 4:46 hours
Hyper-V role detected

CPU: total 16 (initial active 16) (8 cores per cpu, 2 threads per core) family 6 model 154 stepping 3 microcode 0x432, cx8, cmov, fxsr, ht, mmx, 3dnowpref, sse, sse2, sse3, ssse3, sse4.1, sse4.2, popcnt, lzcnt, tsc, tscinvbit, avx, avx2, aes, erms, clmul, bmi1, bmi2, adx, sha, fma, vzeroupper, clflush, clflushopt, clwb, hv
Processor Information for processor 0
  Max Mhz: 2100, Current Mhz: 2100, Mhz Limit: 2100
Processor Information for processor 1
  Max Mhz: 2100, Current Mhz: 2100, Mhz Limit: 2100
Processor Information for processor 2
  Max Mhz: 2100, Current Mhz: 2100, Mhz Limit: 2100
Processor Information for processor 3
  Max Mhz: 2100, Current Mhz: 2100, Mhz Limit: 2100
Processor Information for processor 4
  Max Mhz: 2100, Current Mhz: 2100, Mhz Limit: 2100
Processor Information for processor 5
  Max Mhz: 2100, Current Mhz: 2100, Mhz Limit: 2100
Processor Information for processor 6
  Max Mhz: 2100, Current Mhz: 2100, Mhz Limit: 2100
Processor Information for processor 7
  Max Mhz: 2100, Current Mhz: 2100, Mhz Limit: 2100
Processor Information for processor 8
  Max Mhz: 2100, Current Mhz: 1500, Mhz Limit: 1491
Processor Information for processor 9
  Max Mhz: 2100, Current Mhz: 1500, Mhz Limit: 1491
Processor Information for processor 10
  Max Mhz: 2100, Current Mhz: 1500, Mhz Limit: 1491
Processor Information for processor 11
  Max Mhz: 2100, Current Mhz: 1500, Mhz Limit: 1491
Processor Information for processor 12
  Max Mhz: 2100, Current Mhz: 1500, Mhz Limit: 1491
Processor Information for processor 13
  Max Mhz: 2100, Current Mhz: 1500, Mhz Limit: 1491
Processor Information for processor 14
  Max Mhz: 2100, Current Mhz: 1500, Mhz Limit: 1491
Processor Information for processor 15
  Max Mhz: 2100, Current Mhz: 1500, Mhz Limit: 1491

Memory: 4k page, system-wide physical 32451M (15158M free)
TotalPageFile size 58051M (AvailPageFile size 244M)
current process WorkingSet (physical memory assigned to process): 11M, peak: 11M
current process commit charge ("private bytes"): 71M, peak: 579M

vm_info: OpenJDK 64-Bit Server VM (17.0.11+0--11852314) for windows-amd64 JRE (17.0.11+0--11852314), built on May 16 2024 21:29:20 by "androidbuild" with MS VC++ 16.10 / 16.11 (VS2019)

END.
